<?xml version="1.0" encoding="UTF-8"?>
<!-- Generated by org.testng.reporters.JUnitReportReporter -->
<testsuite hostname="HP" failures="0" tests="1" name="test.testdemo" time="16.518" errors="0" timestamp="2024-01-10T19:54:34 IST" skipped="0">
  <testcase classname="test.testdemo" name="test" time="16.518"/>
  <system-out/>
</testsuite> <!-- test.testdemo -->
